<?xml version="1.0" encoding="UTF-8"?>
<!-- Generated by org.testng.reporters.JUnitReportReporter -->
<testsuite skipped="0" hostname="DESKTOP-AG3TG3H" name="pack1.TestNg" tests="2" failures="0" timestamp="18 Dec 2018 21:35:21 GMT" time="0.024" errors="0">
  <testcase name="clickOnshopByDept" time="0.020" classname="pack1.TestNg"/>
  <testcase name="login" time="0.004" classname="pack1.TestNg"/>
</testsuite> <!-- pack1.TestNg -->
