<?xml version="1.0" encoding="UTF-8"?>
<!-- Generated by org.testng.reporters.JUnitReportReporter -->
<testsuite skipped="0" hostname="DESKTOP-AG3TG3H" name="pack1.Chromedriver" tests="1" failures="0" timestamp="20 Dec 2018 16:12:15 GMT" time="11.272" errors="0">
  <testcase name="launchChrome" time="11.272" classname="pack1.Chromedriver"/>
</testsuite> <!-- pack1.Chromedriver -->
