<?xml version="1.0" encoding="UTF-8"?>
<!-- Generated by org.testng.reporters.JUnitReportReporter -->
<testsuite skipped="0" hostname="DESKTOP-AG3TG3H" name="pack1.Chrome" tests="2" failures="0" timestamp="29 Dec 2018 16:52:01 GMT" time="18.592" errors="0">
  <testcase name="verifypageTitleTest" time="7.779" classname="pack1.Chrome"/>
  <testcase name="clickOnShopByDept" time="10.813" classname="pack1.Chrome"/>
</testsuite> <!-- pack1.Chrome -->
