<?xml version="1.0" encoding="UTF-8"?>
<!-- Generated by org.testng.reporters.JUnitReportReporter -->
<testsuite skipped="0" hostname="DESKTOP-AG3TG3H" name="Chrome" tests="2" failures="0" timestamp="29 Dec 2018 15:36:12 GMT" time="18.919" errors="0">
  <testcase name="verifypageTitleTest" time="8.012" classname="Chrome"/>
  <testcase name="clickOnShopByDept" time="10.907" classname="Chrome"/>
</testsuite> <!-- Chrome -->
